#! /usr/local/bin/vvp
:ivl_version "13.0 (devel)" "(s20221226-559-gce7b26e3f)";
:ivl_delay_selection "TYPICAL";
:vpi_time_precision + 0;
:vpi_module "/usr/local/lib/ivl/system.vpi";
:vpi_module "/usr/local/lib/ivl/vhdl_sys.vpi";
:vpi_module "/usr/local/lib/ivl/vhdl_textio.vpi";
:vpi_module "/usr/local/lib/ivl/v2005_math.vpi";
:vpi_module "/usr/local/lib/ivl/va_math.vpi";
S_0x5d94cd78d4e0 .scope module, "memory" "memory" 2 1;
 .timescale 0 0;
    .port_info 0 /INPUT 5 "address";
    .port_info 1 /INPUT 1 "write_enable";
    .port_info 2 /INPUT 32 "data_in";
    .port_info 3 /INPUT 1 "clk";
    .port_info 4 /OUTPUT 32 "data_out";
L_0x5d94cd7d8110 .functor BUFZ 32, L_0x5d94cd7d7f00, C4<00000000000000000000000000000000>, C4<00000000000000000000000000000000>, C4<00000000000000000000000000000000>;
v0x5d94cd78d740_0 .net *"_ivl_0", 31 0, L_0x5d94cd7d7f00;  1 drivers
v0x5d94cd7d7760_0 .net *"_ivl_2", 6 0, L_0x5d94cd7d7ff0;  1 drivers
L_0x7605ed586018 .functor BUFT 1, C4<00>, C4<0>, C4<0>, C4<0>;
v0x5d94cd7d7840_0 .net *"_ivl_5", 1 0, L_0x7605ed586018;  1 drivers
o0x7605ed5cf0a8 .functor BUFZ 5, c4<zzzzz>; HiZ drive
v0x5d94cd7d7930_0 .net "address", 4 0, o0x7605ed5cf0a8;  0 drivers
o0x7605ed5cf0d8 .functor BUFZ 1, c4<z>; HiZ drive
v0x5d94cd7d7a10_0 .net "clk", 0 0, o0x7605ed5cf0d8;  0 drivers
o0x7605ed5cf108 .functor BUFZ 32, c4<zzzzzzzzzzzzzzzzzzzzzzzzzzzzzzzz>; HiZ drive
v0x5d94cd7d7b20_0 .net "data_in", 31 0, o0x7605ed5cf108;  0 drivers
v0x5d94cd7d7c00_0 .net "data_out", 31 0, L_0x5d94cd7d8110;  1 drivers
v0x5d94cd7d7ce0 .array "mem", 31 0, 31 0;
o0x7605ed5cf168 .functor BUFZ 1, c4<z>; HiZ drive
v0x5d94cd7d7da0_0 .net "write_enable", 0 0, o0x7605ed5cf168;  0 drivers
E_0x5d94cd7c6930 .event posedge, v0x5d94cd7d7a10_0;
L_0x5d94cd7d7f00 .array/port v0x5d94cd7d7ce0, L_0x5d94cd7d7ff0;
L_0x5d94cd7d7ff0 .concat [ 5 2 0 0], o0x7605ed5cf0a8, L_0x7605ed586018;
    .scope S_0x5d94cd78d4e0;
T_0 ;
    %wait E_0x5d94cd7c6930;
    %load/vec4 v0x5d94cd7d7da0_0;
    %flag_set/vec4 8;
    %jmp/0xz  T_0.0, 8;
    %load/vec4 v0x5d94cd7d7b20_0;
    %load/vec4 v0x5d94cd7d7930_0;
    %pad/u 7;
    %ix/vec4 3;
    %ix/load 4, 0, 0; Constant delay
    %assign/vec4/a/d v0x5d94cd7d7ce0, 0, 4;
T_0.0 ;
    %jmp T_0;
    .thread T_0;
    .scope S_0x5d94cd78d4e0;
T_1 ;
    %vpi_call 2 23 "$dumpfile", "memory.vcd" {0 0 0};
    %vpi_call 2 24 "$dumpvars", 32'sb00000000000000000000000000000000, S_0x5d94cd78d4e0 {0 0 0};
    %delay 1, 0;
    %end;
    .thread T_1;
# The file index is used to find the file name in the following table.
:file_names 3;
    "N/A";
    "<interactive>";
    "memory.v";
