#! /usr/local/bin/vvp
:ivl_version "13.0 (devel)" "(s20221226-559-gce7b26e3f)";
:ivl_delay_selection "TYPICAL";
:vpi_time_precision + 0;
:vpi_module "/usr/local/lib/ivl/system.vpi";
:vpi_module "/usr/local/lib/ivl/vhdl_sys.vpi";
:vpi_module "/usr/local/lib/ivl/vhdl_textio.vpi";
:vpi_module "/usr/local/lib/ivl/v2005_math.vpi";
:vpi_module "/usr/local/lib/ivl/va_math.vpi";
S_0x626c38669510 .scope module, "control_unit" "control_unit" 2 18;
 .timescale 0 0;
    .port_info 0 /INPUT 7 "func7";
    .port_info 1 /INPUT 3 "func3";
    .port_info 2 /INPUT 7 "opcode";
    .port_info 3 /OUTPUT 4 "alu_control";
    .port_info 4 /OUTPUT 1 "reg_we";
v0x626c38669750_0 .var "alu_control", 3 0;
o0x79ac65a86048 .functor BUFZ 3, c4<zzz>; HiZ drive
v0x626c386b1ee0_0 .net "func3", 2 0, o0x79ac65a86048;  0 drivers
o0x79ac65a86078 .functor BUFZ 7, c4<zzzzzzz>; HiZ drive
v0x626c386b1fc0_0 .net "func7", 6 0, o0x79ac65a86078;  0 drivers
o0x79ac65a860a8 .functor BUFZ 7, c4<zzzzzzz>; HiZ drive
v0x626c386b20b0_0 .net "opcode", 6 0, o0x79ac65a860a8;  0 drivers
v0x626c386b2190_0 .var "reg_we", 0 0;
E_0x626c386a2490 .event anyedge, v0x626c386b20b0_0, v0x626c386b1fc0_0, v0x626c386b1ee0_0;
    .scope S_0x626c38669510;
T_0 ;
    %wait E_0x626c386a2490;
    %load/vec4 v0x626c386b20b0_0;
    %cmpi/e 51, 0, 7;
    %jmp/0xz  T_0.0, 4;
    %pushi/vec4 1, 0, 1;
    %store/vec4 v0x626c386b2190_0, 0, 1;
    %load/vec4 v0x626c386b1fc0_0;
    %parti/s 1, 6, 4;
    %load/vec4 v0x626c386b1ee0_0;
    %concat/vec4; draw_concat_vec4
    %store/vec4 v0x626c38669750_0, 0, 4;
T_0.0 ;
    %jmp T_0;
    .thread T_0, $push;
# The file index is used to find the file name in the following table.
:file_names 3;
    "N/A";
    "<interactive>";
    "control.v";
